<?xml version="1.0" encoding="UTF-8"?>
<testsuite xmlns:xsi="http://www.w3.org/2001/XMLSchema-instance" xsi:noNamespaceSchemaLocation="https://maven.apache.org/surefire/maven-surefire-plugin/xsd/surefire-test-report.xsd" name="TestSuite" time="0.93" tests="56" errors="0" skipped="55" failures="1">
  <properties>
[...]
</properties>
  <testcase name="setUp" classname="testCases.EbayHomeTest" time="0.84">
    <failure message="Could not start a new session. Possible causes are invalid address of the remote server or browser start-up failure.&#10;Build info: version: &apos;2.43.1&apos;, revision: &apos;5163bceef1bc36d43f3dc0b83c88998168a363a0&apos;, time: &apos;2014-09-10 09:43:55&apos;&#10;System info: host: &apos;Asifs-MacBook-Pro.local&apos;, ip: &apos;10.11.11.103&apos;, os.name: &apos;Mac OS X&apos;, os.arch: &apos;x86_64&apos;, os.version: &apos;10.14&apos;, java.version: &apos;1.8.0_192&apos;&#10;Driver info: driver.version: AndroidDriver" type="org.openqa.selenium.remote.UnreachableBrowserException"><![CDATA[org.openqa.selenium.remote.UnreachableBrowserException: Could not start a new session. Possible causes are invalid address of the remote server or browser start-up failure.
Build info: version: '2.43.1', revision: '5163bceef1bc36d43f3dc0b83c88998168a363a0', time: '2014-09-10 09:43:55'
System info: host: 'Asifs-MacBook-Pro.local', ip: '10.11.11.103', os.name: 'Mac OS X', os.arch: 'x86_64', os.version: '10.14', java.version: '1.8.0_192'
Driver info: driver.version: AndroidDriver
	at org.openqa.selenium.remote.RemoteWebDriver.execute(RemoteWebDriver.java:593)
	at io.appium.java_client.AppiumDriver.execute(AppiumDriver.java:180)
	at org.openqa.selenium.remote.RemoteWebDriver.startSession(RemoteWebDriver.java:240)
	at org.openqa.selenium.remote.RemoteWebDriver.<init>(RemoteWebDriver.java:126)
	at org.openqa.selenium.remote.RemoteWebDriver.<init>(RemoteWebDriver.java:153)
	at io.appium.java_client.AppiumDriver.<init>(AppiumDriver.java:109)
	at io.appium.java_client.android.AndroidDriver.<init>(AndroidDriver.java:39)
	at base.MobileAPI.setUpAndroidEnv(MobileAPI.java:225)
	at base.MobileAPI.setUp(MobileAPI.java:159)
	at sun.reflect.NativeMethodAccessorImpl.invoke0(Native Method)
	at sun.reflect.NativeMethodAccessorImpl.invoke(NativeMethodAccessorImpl.java:62)
	at sun.reflect.DelegatingMethodAccessorImpl.invoke(DelegatingMethodAccessorImpl.java:43)
	at java.lang.reflect.Method.invoke(Method.java:498)
	at org.testng.internal.MethodInvocationHelper.invokeMethod(MethodInvocationHelper.java:86)
	at org.testng.internal.Invoker.invokeConfigurationMethod(Invoker.java:514)
	at org.testng.internal.Invoker.invokeConfigurations(Invoker.java:215)
	at org.testng.internal.Invoker.invokeMethod(Invoker.java:589)
	at org.testng.internal.Invoker.invokeTestMethod(Invoker.java:820)
	at org.testng.internal.Invoker.invokeTestMethods(Invoker.java:1128)
	at org.testng.internal.TestMethodWorker.invokeTestMethods(TestMethodWorker.java:129)
	at org.testng.internal.TestMethodWorker.run(TestMethodWorker.java:112)
	at org.testng.TestRunner.privateRun(TestRunner.java:782)
	at org.testng.TestRunner.run(TestRunner.java:632)
	at org.testng.SuiteRunner.runTest(SuiteRunner.java:366)
	at org.testng.SuiteRunner.runSequentially(SuiteRunner.java:361)
	at org.testng.SuiteRunner.privateRun(SuiteRunner.java:319)
	at org.testng.SuiteRunner.run(SuiteRunner.java:268)
	at org.testng.SuiteRunnerWorker.runSuite(SuiteRunnerWorker.java:52)
	at org.testng.SuiteRunnerWorker.run(SuiteRunnerWorker.java:86)
	at org.testng.TestNG.runSuitesSequentially(TestNG.java:1244)
	at org.testng.TestNG.runSuitesLocally(TestNG.java:1169)
	at org.testng.TestNG.run(TestNG.java:1064)
	at org.apache.maven.surefire.testng.TestNGExecutor.run(TestNGExecutor.java:283)
	at org.apache.maven.surefire.testng.TestNGXmlTestSuite.execute(TestNGXmlTestSuite.java:75)
	at org.apache.maven.surefire.testng.TestNGProvider.invoke(TestNGProvider.java:120)
	at org.apache.maven.surefire.booter.ForkedBooter.invokeProviderInSameClassLoader(ForkedBooter.java:373)
	at org.apache.maven.surefire.booter.ForkedBooter.runSuitesInProcess(ForkedBooter.java:334)
	at org.apache.maven.surefire.booter.ForkedBooter.execute(ForkedBooter.java:119)
	at org.apache.maven.surefire.booter.ForkedBooter.main(ForkedBooter.java:407)
Caused by: org.apache.http.conn.HttpHostConnectException: Connect to 127.0.0.1:4723 [/127.0.0.1] failed: Connection refused (Connection refused)
	at org.apache.http.impl.conn.HttpClientConnectionOperator.connect(HttpClientConnectionOperator.java:140)
	at org.apache.http.impl.conn.PoolingHttpClientConnectionManager.connect(PoolingHttpClientConnectionManager.java:314)
	at org.apache.http.impl.execchain.MainClientExec.establishRoute(MainClientExec.java:363)
	at org.apache.http.impl.execchain.MainClientExec.execute(MainClientExec.java:219)
	at org.apache.http.impl.execchain.ProtocolExec.execute(ProtocolExec.java:195)
	at org.apache.http.impl.execchain.RetryExec.execute(RetryExec.java:86)
	at org.apache.http.impl.execchain.RedirectExec.execute(RedirectExec.java:108)
	at org.apache.http.impl.client.InternalHttpClient.doExecute(InternalHttpClient.java:186)
	at org.apache.http.impl.client.CloseableHttpClient.execute(CloseableHttpClient.java:72)
	at org.apache.http.impl.client.CloseableHttpClient.execute(CloseableHttpClient.java:57)
	at org.openqa.selenium.remote.HttpCommandExecutor.fallBackExecute(HttpCommandExecutor.java:215)
	at org.openqa.selenium.remote.HttpCommandExecutor.execute(HttpCommandExecutor.java:184)
	at org.openqa.selenium.remote.RemoteWebDriver.execute(RemoteWebDriver.java:572)
	at io.appium.java_client.AppiumDriver.execute(AppiumDriver.java:180)
	at org.openqa.selenium.remote.RemoteWebDriver.startSession(RemoteWebDriver.java:240)
	at org.openqa.selenium.remote.RemoteWebDriver.<init>(RemoteWebDriver.java:126)
	at org.openqa.selenium.remote.RemoteWebDriver.<init>(RemoteWebDriver.java:153)
	at io.appium.java_client.AppiumDriver.<init>(AppiumDriver.java:109)
	at io.appium.java_client.android.AndroidDriver.<init>(AndroidDriver.java:39)
	at base.MobileAPI.setUpAndroidEnv(MobileAPI.java:225)
	at base.MobileAPI.setUp(MobileAPI.java:159)
	at sun.reflect.NativeMethodAccessorImpl.invoke0(Native Method)
	at sun.reflect.NativeMethodAccessorImpl.invoke(NativeMethodAccessorImpl.java:62)
	at sun.reflect.DelegatingMethodAccessorImpl.invoke(DelegatingMethodAccessorImpl.java:43)
	at java.lang.reflect.Method.invoke(Method.java:498)
	at org.testng.internal.MethodInvocationHelper.invokeMethod(MethodInvocationHelper.java:86)
	at org.testng.internal.Invoker.invokeConfigurationMethod(Invoker.java:514)
	at org.testng.internal.Invoker.invokeConfigurations(Invoker.java:215)
	at org.testng.internal.Invoker.invokeMethod(Invoker.java:589)
	at org.testng.internal.Invoker.invokeTestMethod(Invoker.java:820)
	at org.testng.internal.Invoker.invokeTestMethods(Invoker.java:1128)
	at org.testng.internal.TestMethodWorker.invokeTestMethods(TestMethodWorker.java:129)
	at org.testng.internal.TestMethodWorker.run(TestMethodWorker.java:112)
	at org.testng.TestRunner.privateRun(TestRunner.java:782)
	at org.testng.TestRunner.run(TestRunner.java:632)
	at org.testng.SuiteRunner.runTest(SuiteRunner.java:366)
	at org.testng.SuiteRunner.runSequentially(SuiteRunner.java:361)
	at org.testng.SuiteRunner.privateRun(SuiteRunner.java:319)
	at org.testng.SuiteRunner.run(SuiteRunner.java:268)
	at org.testng.SuiteRunnerWorker.runSuite(SuiteRunnerWorker.java:52)
	at org.testng.SuiteRunnerWorker.run(SuiteRunnerWorker.java:86)
	at org.testng.TestNG.runSuitesSequentially(TestNG.java:1244)
	at org.testng.TestNG.runSuitesLocally(TestNG.java:1169)
	at org.testng.TestNG.run(TestNG.java:1064)
	at org.apache.maven.surefire.testng.TestNGExecutor.run(TestNGExecutor.java:283)
	at org.apache.maven.surefire.testng.TestNGXmlTestSuite.execute(TestNGXmlTestSuite.java:75)
	at org.apache.maven.surefire.testng.TestNGProvider.invoke(TestNGProvider.java:120)
	at org.apache.maven.surefire.booter.ForkedBooter.invokeProviderInSameClassLoader(ForkedBooter.java:373)
	at org.apache.maven.surefire.booter.ForkedBooter.runSuitesInProcess(ForkedBooter.java:334)
	at org.apache.maven.surefire.booter.ForkedBooter.execute(ForkedBooter.java:119)
	at org.apache.maven.surefire.booter.ForkedBooter.main(ForkedBooter.java:407)
Caused by: java.net.ConnectException: Connection refused (Connection refused)
	at java.net.PlainSocketImpl.socketConnect(Native Method)
	at java.net.AbstractPlainSocketImpl.doConnect(AbstractPlainSocketImpl.java:350)
	at java.net.AbstractPlainSocketImpl.connectToAddress(AbstractPlainSocketImpl.java:206)
	at java.net.AbstractPlainSocketImpl.connect(AbstractPlainSocketImpl.java:188)
	at java.net.SocksSocketImpl.connect(SocksSocketImpl.java:392)
	at java.net.Socket.connect(Socket.java:589)
	at org.apache.http.conn.socket.PlainConnectionSocketFactory.connectSocket(PlainConnectionSocketFactory.java:72)
	at org.apache.http.impl.conn.HttpClientConnectionOperator.connect(HttpClientConnectionOperator.java:117)
	at org.apache.http.impl.conn.PoolingHttpClientConnectionManager.connect(PoolingHttpClientConnectionManager.java:314)
	at org.apache.http.impl.execchain.MainClientExec.establishRoute(MainClientExec.java:363)
	at org.apache.http.impl.execchain.MainClientExec.execute(MainClientExec.java:219)
	at org.apache.http.impl.execchain.ProtocolExec.execute(ProtocolExec.java:195)
	at org.apache.http.impl.execchain.RetryExec.execute(RetryExec.java:86)
	at org.apache.http.impl.execchain.RedirectExec.execute(RedirectExec.java:108)
	at org.apache.http.impl.client.InternalHttpClient.doExecute(InternalHttpClient.java:186)
	at org.apache.http.impl.client.CloseableHttpClient.execute(CloseableHttpClient.java:72)
	at org.apache.http.impl.client.CloseableHttpClient.execute(CloseableHttpClient.java:57)
	at org.openqa.selenium.remote.HttpCommandExecutor.fallBackExecute(HttpCommandExecutor.java:215)
	at org.openqa.selenium.remote.HttpCommandExecutor.execute(HttpCommandExecutor.java:184)
	at org.openqa.selenium.remote.RemoteWebDriver.execute(RemoteWebDriver.java:572)
	at io.appium.java_client.AppiumDriver.execute(AppiumDriver.java:180)
	at org.openqa.selenium.remote.RemoteWebDriver.startSession(RemoteWebDriver.java:240)
	at org.openqa.selenium.remote.RemoteWebDriver.<init>(RemoteWebDriver.java:126)
	at org.openqa.selenium.remote.RemoteWebDriver.<init>(RemoteWebDriver.java:153)
	at io.appium.java_client.AppiumDriver.<init>(AppiumDriver.java:109)
	at io.appium.java_client.android.AndroidDriver.<init>(AndroidDriver.java:39)
	at base.MobileAPI.setUpAndroidEnv(MobileAPI.java:225)
	at base.MobileAPI.setUp(MobileAPI.java:159)
	at sun.reflect.NativeMethodAccessorImpl.invoke0(Native Method)
	at sun.reflect.NativeMethodAccessorImpl.invoke(NativeMethodAccessorImpl.java:62)
	at sun.reflect.DelegatingMethodAccessorImpl.invoke(DelegatingMethodAccessorImpl.java:43)
	at java.lang.reflect.Method.invoke(Method.java:498)
	at org.testng.internal.MethodInvocationHelper.invokeMethod(MethodInvocationHelper.java:86)
	at org.testng.internal.Invoker.invokeConfigurationMethod(Invoker.java:514)
	at org.testng.internal.Invoker.invokeConfigurations(Invoker.java:215)
	at org.testng.internal.Invoker.invokeMethod(Invoker.java:589)
	at org.testng.internal.Invoker.invokeTestMethod(Invoker.java:820)
	at org.testng.internal.Invoker.invokeTestMethods(Invoker.java:1128)
	at org.testng.internal.TestMethodWorker.invokeTestMethods(TestMethodWorker.java:129)
	at org.testng.internal.TestMethodWorker.run(TestMethodWorker.java:112)
	at org.testng.TestRunner.privateRun(TestRunner.java:782)
	at org.testng.TestRunner.run(TestRunner.java:632)
	at org.testng.SuiteRunner.runTest(SuiteRunner.java:366)
	at org.testng.SuiteRunner.runSequentially(SuiteRunner.java:361)
	at org.testng.SuiteRunner.privateRun(SuiteRunner.java:319)
	at org.testng.SuiteRunner.run(SuiteRunner.java:268)
	at org.testng.SuiteRunnerWorker.runSuite(SuiteRunnerWorker.java:52)
	at org.testng.SuiteRunnerWorker.run(SuiteRunnerWorker.java:86)
	at org.testng.TestNG.runSuitesSequentially(TestNG.java:1244)
	at org.testng.TestNG.runSuitesLocally(TestNG.java:1169)
	at org.testng.TestNG.run(TestNG.java:1064)
	at org.apache.maven.surefire.testng.TestNGExecutor.run(TestNGExecutor.java:283)
	at org.apache.maven.surefire.testng.TestNGXmlTestSuite.execute(TestNGXmlTestSuite.java:75)
	at org.apache.maven.surefire.testng.TestNGProvider.invoke(TestNGProvider.java:120)
	at org.apache.maven.surefire.booter.ForkedBooter.invokeProviderInSameClassLoader(ForkedBooter.java:373)
	at org.apache.maven.surefire.booter.ForkedBooter.runSuitesInProcess(ForkedBooter.java:334)
	at org.apache.maven.surefire.booter.ForkedBooter.execute(ForkedBooter.java:119)
	at org.apache.maven.surefire.booter.ForkedBooter.main(ForkedBooter.java:407)
]]></failure>
    <system-out><![CDATA[Extent Report directory: /Users/asif/Desktop/AutomationFrameworks/MobileFramework/EbayApp/target/surefire-reports/html
]]></system-out>
    <system-err><![CDATA[Feb 05, 2019 7:32:58 PM com.relevantcodes.extentreports.ExtentReports loadConfig
WARNING: Unable to perform report configuration. The file /Users/asif/Desktop/AutomationFrameworks/MobileFramework/EbayApp/report-config.xml was not found.
]]></system-err>
  </testcase>
  <testcase name="setUp" classname="testCases.EbayHomeTest" time="0">
    <skipped/>
  </testcase>
  <testcase name="setUp" classname="testCases.EbayHomeTest" time="0">
    <skipped/>
  </testcase>
  <testcase name="setUp" classname="testCases.EbayHomeTest" time="0">
    <skipped/>
  </testcase>
  <testcase name="setUp" classname="testCases.EbayHomeTest" time="0">
    <skipped/>
  </testcase>
  <testcase name="setUp" classname="testCases.EbayHomeTest" time="0">
    <skipped/>
  </testcase>
  <testcase name="startExtent" classname="testCases.EbayHomeTest" time="0">
    <skipped/>
  </testcase>
  <testcase name="startExtent" classname="testCases.EbayHomeTest" time="0">
    <skipped/>
  </testcase>
  <testcase name="startExtent" classname="testCases.EbayHomeTest" time="0">
    <skipped/>
  </testcase>
  <testcase name="startExtent" classname="testCases.EbayHomeTest" time="0">
    <skipped/>
  </testcase>
  <testcase name="startExtent" classname="testCases.EbayHomeTest" time="0">
    <skipped/>
  </testcase>
  <testcase name="startExtent" classname="testCases.EbayHomeTest" time="0">
    <skipped/>
  </testcase>
  <testcase name="inIt" classname="testCases.EbayHomeTest" time="0">
    <skipped/>
  </testcase>
  <testcase name="inIt" classname="testCases.EbayHomeTest" time="0">
    <skipped/>
  </testcase>
  <testcase name="inIt" classname="testCases.EbayHomeTest" time="0">
    <skipped/>
  </testcase>
  <testcase name="inIt" classname="testCases.EbayHomeTest" time="0">
    <skipped/>
  </testcase>
  <testcase name="inIt" classname="testCases.EbayHomeTest" time="0">
    <skipped/>
  </testcase>
  <testcase name="inIt" classname="testCases.EbayHomeTest" time="0">
    <skipped/>
  </testcase>
  <testcase name="categoryTest" classname="testCases.EbayHomeTest" time="0">
    <skipped/>
  </testcase>
  <testcase name="afterEachTestMethod" classname="testCases.EbayHomeTest" time="0">
    <skipped/>
  </testcase>
  <testcase name="afterEachTestMethod" classname="testCases.EbayHomeTest" time="0">
    <skipped/>
  </testcase>
  <testcase name="afterEachTestMethod" classname="testCases.EbayHomeTest" time="0">
    <skipped/>
  </testcase>
  <testcase name="afterEachTestMethod" classname="testCases.EbayHomeTest" time="0">
    <skipped/>
  </testcase>
  <testcase name="afterEachTestMethod" classname="testCases.EbayHomeTest" time="0">
    <skipped/>
  </testcase>
  <testcase name="afterEachTestMethod" classname="testCases.EbayHomeTest" time="0">
    <skipped/>
  </testcase>
  <testcase name="cricTest" classname="testCases.EbayHomeTest" time="0">
    <skipped/>
  </testcase>
  <testcase name="ebayLogoTest" classname="testCases.EbayHomeTest" time="0">
    <skipped/>
  </testcase>
  <testcase name="homeTest" classname="testCases.EbayHomeTest" time="0">
    <skipped/>
  </testcase>
  <testcase name="saleTextTest" classname="testCases.EbayHomeTest" time="0">
    <skipped/>
  </testcase>
  <testcase name="tendingTest" classname="testCases.EbayHomeTest" time="0">
    <skipped/>
  </testcase>
  <testcase name="setUp" classname="testCases.EbayBatPageTest" time="0">
    <skipped/>
  </testcase>
  <testcase name="setUp" classname="testCases.EbayBatPageTest" time="0">
    <skipped/>
  </testcase>
  <testcase name="setUp" classname="testCases.EbayBatPageTest" time="0">
    <skipped/>
  </testcase>
  <testcase name="setUp" classname="testCases.EbayBatPageTest" time="0">
    <skipped/>
  </testcase>
  <testcase name="startExtent" classname="testCases.EbayBatPageTest" time="0">
    <skipped/>
  </testcase>
  <testcase name="startExtent" classname="testCases.EbayBatPageTest" time="0">
    <skipped/>
  </testcase>
  <testcase name="startExtent" classname="testCases.EbayBatPageTest" time="0">
    <skipped/>
  </testcase>
  <testcase name="startExtent" classname="testCases.EbayBatPageTest" time="0">
    <skipped/>
  </testcase>
  <testcase name="inIt" classname="testCases.EbayBatPageTest" time="0">
    <skipped/>
  </testcase>
  <testcase name="inIt" classname="testCases.EbayBatPageTest" time="0">
    <skipped/>
  </testcase>
  <testcase name="inIt" classname="testCases.EbayBatPageTest" time="0">
    <skipped/>
  </testcase>
  <testcase name="inIt" classname="testCases.EbayBatPageTest" time="0">
    <skipped/>
  </testcase>
  <testcase name="cartTest" classname="testCases.EbayBatPageTest" time="0">
    <skipped/>
  </testcase>
  <testcase name="afterEachTestMethod" classname="testCases.EbayBatPageTest" time="0">
    <skipped/>
  </testcase>
  <testcase name="afterEachTestMethod" classname="testCases.EbayBatPageTest" time="0">
    <skipped/>
  </testcase>
  <testcase name="afterEachTestMethod" classname="testCases.EbayBatPageTest" time="0">
    <skipped/>
  </testcase>
  <testcase name="afterEachTestMethod" classname="testCases.EbayBatPageTest" time="0">
    <skipped/>
  </testcase>
  <testcase name="filtertest" classname="testCases.EbayBatPageTest" time="0">
    <skipped/>
  </testcase>
  <testcase name="imageSearchTest" classname="testCases.EbayBatPageTest" time="0">
    <skipped/>
  </testcase>
  <testcase name="sortTest" classname="testCases.EbayBatPageTest" time="0">
    <skipped/>
  </testcase>
  <testcase name="setUp" classname="testCases.EbaySignInpageTest" time="0">
    <skipped/>
  </testcase>
  <testcase name="startExtent" classname="testCases.EbaySignInpageTest" time="0">
    <skipped/>
  </testcase>
  <testcase name="inIt" classname="testCases.EbaySignInpageTest" time="0">
    <skipped/>
  </testcase>
  <testcase name="signInTest" classname="testCases.EbaySignInpageTest" time="0">
    <skipped/>
  </testcase>
  <testcase name="afterEachTestMethod" classname="testCases.EbaySignInpageTest" time="0">
    <skipped/>
  </testcase>
  <testcase name="generateReport" classname="testCases.EbayHomeTest" time="0">
    <skipped/>
  </testcase>
</testsuite>