<?xml version="1.0" encoding="UTF-8"?>
<!-- Generated by org.testng.reporters.JUnitXMLReporter -->
<testsuite hostname="Asifs-MacBook-Pro.local" name="Amazon Home Page" tests="13" failures="0" timestamp="6 Feb 2019 00:33:02 GMT" time="0.436" errors="0">
  <testcase name="@BeforeMethod setUp" time="0.0" classname="testClasses.AmazonHomePageTest">
    <failure type="org.openqa.selenium.remote.UnreachableBrowserException" message="Could not start a new session. Possible causes are invalid address of the remote server or browser start-up failure.
Build info: version: &amp;apos;2.43.1&amp;apos;, revision: &amp;apos;5163bceef1bc36d43f3dc0b83c88998168a363a0&amp;apos;, time: &amp;apos;2014-09-10 09:43:55&amp;apos;
System info: host: &amp;apos;Asifs-MacBook-Pro.local&amp;apos;, ip: &amp;apos;10.11.11.103&amp;apos;, os.name: &amp;apos;Mac OS X&amp;apos;, os.arch: &amp;apos;x86_64&amp;apos;, os.version: &amp;apos;10.14&amp;apos;, java.version: &amp;apos;1.8.0_192&amp;apos;
Driver info: driver.version: AndroidDriver">
      <![CDATA[org.openqa.selenium.remote.UnreachableBrowserException: Could not start a new session. Possible causes are invalid address of the remote server or browser start-up failure.
Build info: version: '2.43.1', revision: '5163bceef1bc36d43f3dc0b83c88998168a363a0', time: '2014-09-10 09:43:55'
System info: host: 'Asifs-MacBook-Pro.local', ip: '10.11.11.103', os.name: 'Mac OS X', os.arch: 'x86_64', os.version: '10.14', java.version: '1.8.0_192'
Driver info: driver.version: AndroidDriver
	at org.openqa.selenium.remote.RemoteWebDriver.execute(RemoteWebDriver.java:593)
	at io.appium.java_client.AppiumDriver.execute(AppiumDriver.java:180)
	at org.openqa.selenium.remote.RemoteWebDriver.startSession(RemoteWebDriver.java:240)
	at org.openqa.selenium.remote.RemoteWebDriver.<init>(RemoteWebDriver.java:126)
	at org.openqa.selenium.remote.RemoteWebDriver.<init>(RemoteWebDriver.java:153)
	at io.appium.java_client.AppiumDriver.<init>(AppiumDriver.java:109)
	at io.appium.java_client.android.AndroidDriver.<init>(AndroidDriver.java:39)
	at base.MobileAPI.setUpAndroidWebAppEnv(MobileAPI.java:241)
	at base.MobileAPI.setUp(MobileAPI.java:163)
Caused by: org.apache.http.conn.HttpHostConnectException: Connect to 127.0.0.1:4723 [/127.0.0.1] failed: Connection refused (Connection refused)
	at org.apache.http.impl.conn.HttpClientConnectionOperator.connect(HttpClientConnectionOperator.java:140)
	at org.apache.http.impl.conn.PoolingHttpClientConnectionManager.connect(PoolingHttpClientConnectionManager.java:314)
	at org.apache.http.impl.execchain.MainClientExec.establishRoute(MainClientExec.java:363)
	at org.apache.http.impl.execchain.MainClientExec.execute(MainClientExec.java:219)
	at org.apache.http.impl.execchain.ProtocolExec.execute(ProtocolExec.java:195)
	at org.apache.http.impl.execchain.RetryExec.execute(RetryExec.java:86)
	at org.apache.http.impl.execchain.RedirectExec.execute(RedirectExec.java:108)
	at org.apache.http.impl.client.InternalHttpClient.doExecute(InternalHttpClient.java:186)
	at org.apache.http.impl.client.CloseableHttpClient.execute(CloseableHttpClient.java:72)
	at org.apache.http.impl.client.CloseableHttpClient.execute(CloseableHttpClient.java:57)
	at org.openqa.selenium.remote.HttpCommandExecutor.fallBackExecute(HttpCommandExecutor.java:215)
	at org.openqa.selenium.remote.HttpCommandExecutor.execute(HttpCommandExecutor.java:184)
	at org.openqa.selenium.remote.RemoteWebDriver.execute(RemoteWebDriver.java:572)
	... 38 more
Caused by: java.net.ConnectException: Connection refused (Connection refused)
	at java.net.PlainSocketImpl.socketConnect(Native Method)
	at java.net.AbstractPlainSocketImpl.doConnect(AbstractPlainSocketImpl.java:350)
	at java.net.AbstractPlainSocketImpl.connectToAddress(AbstractPlainSocketImpl.java:206)
	at java.net.AbstractPlainSocketImpl.connect(AbstractPlainSocketImpl.java:188)
	at java.net.SocksSocketImpl.connect(SocksSocketImpl.java:392)
	at java.net.Socket.connect(Socket.java:589)
	at org.apache.http.conn.socket.PlainConnectionSocketFactory.connectSocket(PlainConnectionSocketFactory.java:72)
	at org.apache.http.impl.conn.HttpClientConnectionOperator.connect(HttpClientConnectionOperator.java:117)
	... 50 more
... Removed 30 stack frames]]>
    </failure>
  </testcase> <!-- @BeforeMethod setUp -->
  <testcase name="@BeforeMethod startExtent" time="0.0" classname="testClasses.AmazonHomePageTest">
    <skipped/>
  </testcase> <!-- @BeforeMethod startExtent -->
  <testcase name="@BeforeMethod inIt" time="0.0" classname="testClasses.AmazonHomePageTest">
    <skipped/>
  </testcase> <!-- @BeforeMethod inIt -->
  <testcase name="@AfterMethod afterEachTestMethod" time="0.0" classname="testClasses.AmazonHomePageTest">
    <skipped/>
  </testcase> <!-- @AfterMethod afterEachTestMethod -->
  <testcase name="@BeforeMethod setUp" time="0.0" classname="testClasses.AmazonHomePageTest">
    <skipped/>
  </testcase> <!-- @BeforeMethod setUp -->
  <testcase name="@BeforeMethod startExtent" time="0.0" classname="testClasses.AmazonHomePageTest">
    <skipped/>
  </testcase> <!-- @BeforeMethod startExtent -->
  <testcase name="@BeforeMethod inIt" time="0.0" classname="testClasses.AmazonHomePageTest">
    <skipped/>
  </testcase> <!-- @BeforeMethod inIt -->
  <testcase name="@AfterMethod afterEachTestMethod" time="0.0" classname="testClasses.AmazonHomePageTest">
    <skipped/>
  </testcase> <!-- @AfterMethod afterEachTestMethod -->
  <testcase name="@BeforeMethod setUp" time="0.0" classname="testClasses.AmazonHomePageTest">
    <skipped/>
  </testcase> <!-- @BeforeMethod setUp -->
  <testcase name="@BeforeMethod startExtent" time="0.0" classname="testClasses.AmazonHomePageTest">
    <skipped/>
  </testcase> <!-- @BeforeMethod startExtent -->
  <testcase name="@BeforeMethod inIt" time="0.0" classname="testClasses.AmazonHomePageTest">
    <skipped/>
  </testcase> <!-- @BeforeMethod inIt -->
  <testcase name="@AfterMethod afterEachTestMethod" time="0.0" classname="testClasses.AmazonHomePageTest">
    <skipped/>
  </testcase> <!-- @AfterMethod afterEachTestMethod -->
  <testcase name="@BeforeMethod setUp" time="0.0" classname="testClasses.AmazonHomePageTest">
    <skipped/>
  </testcase> <!-- @BeforeMethod setUp -->
  <testcase name="@BeforeMethod startExtent" time="0.0" classname="testClasses.AmazonHomePageTest">
    <skipped/>
  </testcase> <!-- @BeforeMethod startExtent -->
  <testcase name="@BeforeMethod inIt" time="0.0" classname="testClasses.AmazonHomePageTest">
    <skipped/>
  </testcase> <!-- @BeforeMethod inIt -->
  <testcase name="@AfterMethod afterEachTestMethod" time="0.0" classname="testClasses.AmazonHomePageTest">
    <skipped/>
  </testcase> <!-- @AfterMethod afterEachTestMethod -->
  <testcase name="@BeforeMethod setUp" time="0.0" classname="testClasses.AmazonHomePageTest">
    <skipped/>
  </testcase> <!-- @BeforeMethod setUp -->
  <testcase name="@BeforeMethod startExtent" time="0.0" classname="testClasses.AmazonHomePageTest">
    <skipped/>
  </testcase> <!-- @BeforeMethod startExtent -->
  <testcase name="@BeforeMethod inIt" time="0.0" classname="testClasses.AmazonHomePageTest">
    <skipped/>
  </testcase> <!-- @BeforeMethod inIt -->
  <testcase name="@AfterMethod afterEachTestMethod" time="0.0" classname="testClasses.AmazonHomePageTest">
    <skipped/>
  </testcase> <!-- @AfterMethod afterEachTestMethod -->
  <testcase name="@BeforeMethod setUp" time="0.0" classname="testClasses.AmazonHomePageTest">
    <skipped/>
  </testcase> <!-- @BeforeMethod setUp -->
  <testcase name="@BeforeMethod startExtent" time="0.0" classname="testClasses.AmazonHomePageTest">
    <skipped/>
  </testcase> <!-- @BeforeMethod startExtent -->
  <testcase name="@BeforeMethod inIt" time="0.0" classname="testClasses.AmazonHomePageTest">
    <skipped/>
  </testcase> <!-- @BeforeMethod inIt -->
  <testcase name="@AfterMethod afterEachTestMethod" time="0.0" classname="testClasses.AmazonHomePageTest">
    <skipped/>
  </testcase> <!-- @AfterMethod afterEachTestMethod -->
  <testcase name="@BeforeMethod setUp" time="0.0" classname="testClasses.AmazonHomePageTest">
    <skipped/>
  </testcase> <!-- @BeforeMethod setUp -->
  <testcase name="@BeforeMethod startExtent" time="0.0" classname="testClasses.AmazonHomePageTest">
    <skipped/>
  </testcase> <!-- @BeforeMethod startExtent -->
  <testcase name="@BeforeMethod inIt" time="0.0" classname="testClasses.AmazonHomePageTest">
    <skipped/>
  </testcase> <!-- @BeforeMethod inIt -->
  <testcase name="@AfterMethod afterEachTestMethod" time="0.0" classname="testClasses.AmazonHomePageTest">
    <skipped/>
  </testcase> <!-- @AfterMethod afterEachTestMethod -->
  <testcase name="@BeforeMethod setUp" time="0.0" classname="testClasses.AmazonSignInTest">
    <skipped/>
  </testcase> <!-- @BeforeMethod setUp -->
  <testcase name="@BeforeMethod startExtent" time="0.0" classname="testClasses.AmazonSignInTest">
    <skipped/>
  </testcase> <!-- @BeforeMethod startExtent -->
  <testcase name="@BeforeMethod inIt" time="0.0" classname="testClasses.AmazonSignInTest">
    <skipped/>
  </testcase> <!-- @BeforeMethod inIt -->
  <testcase name="@AfterMethod afterEachTestMethod" time="0.0" classname="testClasses.AmazonSignInTest">
    <skipped/>
  </testcase> <!-- @AfterMethod afterEachTestMethod -->
  <testcase name="@BeforeMethod setUp" time="0.0" classname="testClasses.AmazonSignInTest">
    <skipped/>
  </testcase> <!-- @BeforeMethod setUp -->
  <testcase name="@BeforeMethod startExtent" time="0.003" classname="testClasses.AmazonSignInTest">
    <skipped/>
  </testcase> <!-- @BeforeMethod startExtent -->
  <testcase name="@BeforeMethod inIt" time="0.0" classname="testClasses.AmazonSignInTest">
    <skipped/>
  </testcase> <!-- @BeforeMethod inIt -->
  <testcase name="@AfterMethod afterEachTestMethod" time="0.0" classname="testClasses.AmazonSignInTest">
    <skipped/>
  </testcase> <!-- @AfterMethod afterEachTestMethod -->
  <testcase name="@BeforeMethod setUp" time="0.0" classname="testClasses.AmazonSignInTest">
    <skipped/>
  </testcase> <!-- @BeforeMethod setUp -->
  <testcase name="@BeforeMethod startExtent" time="0.0" classname="testClasses.AmazonSignInTest">
    <skipped/>
  </testcase> <!-- @BeforeMethod startExtent -->
  <testcase name="@BeforeMethod inIt" time="0.0" classname="testClasses.AmazonSignInTest">
    <skipped/>
  </testcase> <!-- @BeforeMethod inIt -->
  <testcase name="@AfterMethod afterEachTestMethod" time="0.0" classname="testClasses.AmazonSignInTest">
    <skipped/>
  </testcase> <!-- @AfterMethod afterEachTestMethod -->
  <testcase name="@BeforeMethod setUp" time="0.0" classname="testClasses.AmazonSignInTest">
    <skipped/>
  </testcase> <!-- @BeforeMethod setUp -->
  <testcase name="@BeforeMethod startExtent" time="0.0" classname="testClasses.AmazonSignInTest">
    <skipped/>
  </testcase> <!-- @BeforeMethod startExtent -->
  <testcase name="@BeforeMethod inIt" time="0.0" classname="testClasses.AmazonSignInTest">
    <skipped/>
  </testcase> <!-- @BeforeMethod inIt -->
  <testcase name="@AfterMethod afterEachTestMethod" time="0.0" classname="testClasses.AmazonSignInTest">
    <skipped/>
  </testcase> <!-- @AfterMethod afterEachTestMethod -->
  <testcase name="@BeforeMethod setUp" time="0.0" classname="testClasses.AmazonSignInTest">
    <skipped/>
  </testcase> <!-- @BeforeMethod setUp -->
  <testcase name="@BeforeMethod startExtent" time="0.0" classname="testClasses.AmazonSignInTest">
    <skipped/>
  </testcase> <!-- @BeforeMethod startExtent -->
  <testcase name="@BeforeMethod inIt" time="0.0" classname="testClasses.AmazonSignInTest">
    <skipped/>
  </testcase> <!-- @BeforeMethod inIt -->
  <testcase name="@AfterMethod afterEachTestMethod" time="0.0" classname="testClasses.AmazonSignInTest">
    <skipped/>
  </testcase> <!-- @AfterMethod afterEachTestMethod -->
  <testcase name="@BeforeMethod setUp" time="0.0" classname="testClasses.AmazonSignInTest">
    <skipped/>
  </testcase> <!-- @BeforeMethod setUp -->
  <testcase name="@BeforeMethod startExtent" time="0.0" classname="testClasses.AmazonSignInTest">
    <skipped/>
  </testcase> <!-- @BeforeMethod startExtent -->
  <testcase name="@BeforeMethod inIt" time="0.0" classname="testClasses.AmazonSignInTest">
    <skipped/>
  </testcase> <!-- @BeforeMethod inIt -->
  <testcase name="@AfterMethod afterEachTestMethod" time="0.0" classname="testClasses.AmazonSignInTest">
    <skipped/>
  </testcase> <!-- @AfterMethod afterEachTestMethod -->
  <testcase name="dealTextTest" time="0.001" classname="testClasses.AmazonHomePageTest">
    <skipped/>
  </testcase> <!-- dealTextTest -->
  <testcase name="freshTextTest" time="0.0" classname="testClasses.AmazonHomePageTest">
    <skipped/>
  </testcase> <!-- freshTextTest -->
  <testcase name="musicTextTest" time="0.0" classname="testClasses.AmazonHomePageTest">
    <skipped/>
  </testcase> <!-- musicTextTest -->
  <testcase name="primeTextTest" time="0.0" classname="testClasses.AmazonHomePageTest">
    <skipped/>
  </testcase> <!-- primeTextTest -->
  <testcase name="signInTest" time="0.0" classname="testClasses.AmazonHomePageTest">
    <skipped/>
  </testcase> <!-- signInTest -->
  <testcase name="videoTextTest" time="0.0" classname="testClasses.AmazonHomePageTest">
    <skipped/>
  </testcase> <!-- videoTextTest -->
  <testcase name="wholeFoodTextTest" time="0.0" classname="testClasses.AmazonHomePageTest">
    <skipped/>
  </testcase> <!-- wholeFoodTextTest -->
  <testcase name="createAccountVerificationTest" time="0.0" classname="testClasses.AmazonSignInTest">
    <skipped/>
  </testcase> <!-- createAccountVerificationTest -->
  <testcase name="emailBoxVerificationTest" time="0.0" classname="testClasses.AmazonSignInTest">
    <skipped/>
  </testcase> <!-- emailBoxVerificationTest -->
  <testcase name="forgotPasswordTest" time="0.0" classname="testClasses.AmazonSignInTest">
    <skipped/>
  </testcase> <!-- forgotPasswordTest -->
  <testcase name="logInIcontextTest" time="0.0" classname="testClasses.AmazonSignInTest">
    <skipped/>
  </testcase> <!-- logInIcontextTest -->
  <testcase name="secondaryCreateAccountVerificationTest" time="0.0" classname="testClasses.AmazonSignInTest">
    <skipped/>
  </testcase> <!-- secondaryCreateAccountVerificationTest -->
  <testcase name="secondaryLogInIcontextTest" time="0.0" classname="testClasses.AmazonSignInTest">
    <skipped/>
  </testcase> <!-- secondaryLogInIcontextTest -->
</testsuite> <!-- Amazon Home Page -->
