<?xml version="1.0" encoding="UTF-8"?>
<testng-results skipped="13" failed="0" total="13" passed="0">
  <reporter-output>
    <line>
      <![CDATA[Extent Report directory: /Users/asif/Desktop/AutomationFrameworks/MobileFramework/AmazonWeb/target/surefire-reports/html]]>
    </line>
  </reporter-output>
  <suite name="Test suite on Android Phone Of Amazon Mobile Web" duration-ms="436" started-at="2019-02-06T00:33:01Z" finished-at="2019-02-06T00:33:02Z">
    <groups>
    </groups>
    <test name="Amazon Home Page" duration-ms="436" started-at="2019-02-06T00:33:01Z" finished-at="2019-02-06T00:33:02Z">
      <class name="testClasses.AmazonSignInTest">
        <test-method status="SKIP" signature="startExtent(java.lang.reflect.Method)[pri:0, instance:testClasses.AmazonSignInTest@1bce4f0a]" name="startExtent" is-config="true" duration-ms="0" started-at="2019-02-05T19:33:02Z" finished-at="2019-02-05T19:33:02Z">
          <reporter-output>
          </reporter-output>
        </test-method> <!-- startExtent -->
        <test-method status="SKIP" signature="createAccountVerificationTest()[pri:0, instance:testClasses.AmazonSignInTest@1bce4f0a]" name="createAccountVerificationTest" duration-ms="0" started-at="2019-02-05T19:33:02Z" finished-at="2019-02-05T19:33:02Z">
          <reporter-output>
          </reporter-output>
        </test-method> <!-- createAccountVerificationTest -->
        <test-method status="SKIP" signature="afterEachTestMethod(org.testng.ITestResult)[pri:0, instance:testClasses.AmazonSignInTest@1bce4f0a]" name="afterEachTestMethod" is-config="true" duration-ms="0" started-at="2019-02-05T19:33:02Z" finished-at="2019-02-05T19:33:02Z">
          <reporter-output>
          </reporter-output>
        </test-method> <!-- afterEachTestMethod -->
        <test-method status="SKIP" signature="inIt()[pri:0, instance:testClasses.AmazonSignInTest@1bce4f0a]" name="inIt" is-config="true" duration-ms="0" started-at="2019-02-05T19:33:02Z" finished-at="2019-02-05T19:33:02Z">
          <reporter-output>
          </reporter-output>
        </test-method> <!-- inIt -->
        <test-method status="SKIP" signature="setUp(java.lang.String, java.lang.String, java.lang.String, java.lang.String, java.lang.String, java.lang.String, java.lang.String, java.lang.String, java.lang.String, java.lang.String)[pri:0, instance:testClasses.AmazonSignInTest@1bce4f0a]" name="setUp" is-config="true" duration-ms="0" started-at="2019-02-05T19:33:02Z" finished-at="2019-02-05T19:33:02Z">
          <reporter-output>
          </reporter-output>
        </test-method> <!-- setUp -->
        <test-method status="SKIP" signature="startExtent(java.lang.reflect.Method)[pri:0, instance:testClasses.AmazonSignInTest@1bce4f0a]" name="startExtent" is-config="true" duration-ms="3" started-at="2019-02-05T19:33:02Z" finished-at="2019-02-05T19:33:02Z">
          <reporter-output>
          </reporter-output>
        </test-method> <!-- startExtent -->
        <test-method status="SKIP" signature="setUp(java.lang.String, java.lang.String, java.lang.String, java.lang.String, java.lang.String, java.lang.String, java.lang.String, java.lang.String, java.lang.String, java.lang.String)[pri:0, instance:testClasses.AmazonSignInTest@1bce4f0a]" name="setUp" is-config="true" duration-ms="0" started-at="2019-02-05T19:33:02Z" finished-at="2019-02-05T19:33:02Z">
          <reporter-output>
          </reporter-output>
        </test-method> <!-- setUp -->
        <test-method status="SKIP" signature="afterEachTestMethod(org.testng.ITestResult)[pri:0, instance:testClasses.AmazonSignInTest@1bce4f0a]" name="afterEachTestMethod" is-config="true" duration-ms="0" started-at="2019-02-05T19:33:02Z" finished-at="2019-02-05T19:33:02Z">
          <reporter-output>
          </reporter-output>
        </test-method> <!-- afterEachTestMethod -->
        <test-method status="SKIP" signature="inIt()[pri:0, instance:testClasses.AmazonSignInTest@1bce4f0a]" name="inIt" is-config="true" duration-ms="0" started-at="2019-02-05T19:33:02Z" finished-at="2019-02-05T19:33:02Z">
          <reporter-output>
          </reporter-output>
        </test-method> <!-- inIt -->
        <test-method status="SKIP" signature="emailBoxVerificationTest()[pri:0, instance:testClasses.AmazonSignInTest@1bce4f0a]" name="emailBoxVerificationTest" duration-ms="0" started-at="2019-02-05T19:33:02Z" finished-at="2019-02-05T19:33:02Z">
          <reporter-output>
          </reporter-output>
        </test-method> <!-- emailBoxVerificationTest -->
        <test-method status="SKIP" signature="afterEachTestMethod(org.testng.ITestResult)[pri:0, instance:testClasses.AmazonSignInTest@1bce4f0a]" name="afterEachTestMethod" is-config="true" duration-ms="0" started-at="2019-02-05T19:33:02Z" finished-at="2019-02-05T19:33:02Z">
          <reporter-output>
          </reporter-output>
        </test-method> <!-- afterEachTestMethod -->
        <test-method status="SKIP" signature="setUp(java.lang.String, java.lang.String, java.lang.String, java.lang.String, java.lang.String, java.lang.String, java.lang.String, java.lang.String, java.lang.String, java.lang.String)[pri:0, instance:testClasses.AmazonSignInTest@1bce4f0a]" name="setUp" is-config="true" duration-ms="0" started-at="2019-02-05T19:33:02Z" finished-at="2019-02-05T19:33:02Z">
          <reporter-output>
          </reporter-output>
        </test-method> <!-- setUp -->
        <test-method status="SKIP" signature="startExtent(java.lang.reflect.Method)[pri:0, instance:testClasses.AmazonSignInTest@1bce4f0a]" name="startExtent" is-config="true" duration-ms="0" started-at="2019-02-05T19:33:02Z" finished-at="2019-02-05T19:33:02Z">
          <reporter-output>
          </reporter-output>
        </test-method> <!-- startExtent -->
        <test-method status="SKIP" signature="forgotPasswordTest()[pri:0, instance:testClasses.AmazonSignInTest@1bce4f0a]" name="forgotPasswordTest" duration-ms="0" started-at="2019-02-05T19:33:02Z" finished-at="2019-02-05T19:33:02Z">
          <reporter-output>
          </reporter-output>
        </test-method> <!-- forgotPasswordTest -->
        <test-method status="SKIP" signature="inIt()[pri:0, instance:testClasses.AmazonSignInTest@1bce4f0a]" name="inIt" is-config="true" duration-ms="0" started-at="2019-02-05T19:33:02Z" finished-at="2019-02-05T19:33:02Z">
          <reporter-output>
          </reporter-output>
        </test-method> <!-- inIt -->
        <test-method status="SKIP" signature="setUp(java.lang.String, java.lang.String, java.lang.String, java.lang.String, java.lang.String, java.lang.String, java.lang.String, java.lang.String, java.lang.String, java.lang.String)[pri:0, instance:testClasses.AmazonSignInTest@1bce4f0a]" name="setUp" is-config="true" duration-ms="0" started-at="2019-02-05T19:33:02Z" finished-at="2019-02-05T19:33:02Z">
          <reporter-output>
          </reporter-output>
        </test-method> <!-- setUp -->
        <test-method status="SKIP" signature="inIt()[pri:0, instance:testClasses.AmazonSignInTest@1bce4f0a]" name="inIt" is-config="true" duration-ms="0" started-at="2019-02-05T19:33:02Z" finished-at="2019-02-05T19:33:02Z">
          <reporter-output>
          </reporter-output>
        </test-method> <!-- inIt -->
        <test-method status="SKIP" signature="logInIcontextTest()[pri:0, instance:testClasses.AmazonSignInTest@1bce4f0a]" name="logInIcontextTest" duration-ms="0" started-at="2019-02-05T19:33:02Z" finished-at="2019-02-05T19:33:02Z">
          <reporter-output>
          </reporter-output>
        </test-method> <!-- logInIcontextTest -->
        <test-method status="SKIP" signature="afterEachTestMethod(org.testng.ITestResult)[pri:0, instance:testClasses.AmazonSignInTest@1bce4f0a]" name="afterEachTestMethod" is-config="true" duration-ms="0" started-at="2019-02-05T19:33:02Z" finished-at="2019-02-05T19:33:02Z">
          <reporter-output>
          </reporter-output>
        </test-method> <!-- afterEachTestMethod -->
        <test-method status="SKIP" signature="startExtent(java.lang.reflect.Method)[pri:0, instance:testClasses.AmazonSignInTest@1bce4f0a]" name="startExtent" is-config="true" duration-ms="0" started-at="2019-02-05T19:33:02Z" finished-at="2019-02-05T19:33:02Z">
          <reporter-output>
          </reporter-output>
        </test-method> <!-- startExtent -->
        <test-method status="SKIP" signature="setUp(java.lang.String, java.lang.String, java.lang.String, java.lang.String, java.lang.String, java.lang.String, java.lang.String, java.lang.String, java.lang.String, java.lang.String)[pri:0, instance:testClasses.AmazonSignInTest@1bce4f0a]" name="setUp" is-config="true" duration-ms="0" started-at="2019-02-05T19:33:02Z" finished-at="2019-02-05T19:33:02Z">
          <reporter-output>
          </reporter-output>
        </test-method> <!-- setUp -->
        <test-method status="SKIP" signature="inIt()[pri:0, instance:testClasses.AmazonSignInTest@1bce4f0a]" name="inIt" is-config="true" duration-ms="0" started-at="2019-02-05T19:33:02Z" finished-at="2019-02-05T19:33:02Z">
          <reporter-output>
          </reporter-output>
        </test-method> <!-- inIt -->
        <test-method status="SKIP" signature="startExtent(java.lang.reflect.Method)[pri:0, instance:testClasses.AmazonSignInTest@1bce4f0a]" name="startExtent" is-config="true" duration-ms="0" started-at="2019-02-05T19:33:02Z" finished-at="2019-02-05T19:33:02Z">
          <reporter-output>
          </reporter-output>
        </test-method> <!-- startExtent -->
        <test-method status="SKIP" signature="afterEachTestMethod(org.testng.ITestResult)[pri:0, instance:testClasses.AmazonSignInTest@1bce4f0a]" name="afterEachTestMethod" is-config="true" duration-ms="0" started-at="2019-02-05T19:33:02Z" finished-at="2019-02-05T19:33:02Z">
          <reporter-output>
          </reporter-output>
        </test-method> <!-- afterEachTestMethod -->
        <test-method status="SKIP" signature="secondaryCreateAccountVerificationTest()[pri:0, instance:testClasses.AmazonSignInTest@1bce4f0a]" name="secondaryCreateAccountVerificationTest" duration-ms="0" started-at="2019-02-05T19:33:02Z" finished-at="2019-02-05T19:33:02Z">
          <reporter-output>
          </reporter-output>
        </test-method> <!-- secondaryCreateAccountVerificationTest -->
        <test-method status="SKIP" signature="secondaryLogInIcontextTest()[pri:0, instance:testClasses.AmazonSignInTest@1bce4f0a]" name="secondaryLogInIcontextTest" duration-ms="0" started-at="2019-02-05T19:33:02Z" finished-at="2019-02-05T19:33:02Z">
          <reporter-output>
          </reporter-output>
        </test-method> <!-- secondaryLogInIcontextTest -->
        <test-method status="SKIP" signature="inIt()[pri:0, instance:testClasses.AmazonSignInTest@1bce4f0a]" name="inIt" is-config="true" duration-ms="0" started-at="2019-02-05T19:33:02Z" finished-at="2019-02-05T19:33:02Z">
          <reporter-output>
          </reporter-output>
        </test-method> <!-- inIt -->
        <test-method status="SKIP" signature="afterEachTestMethod(org.testng.ITestResult)[pri:0, instance:testClasses.AmazonSignInTest@1bce4f0a]" name="afterEachTestMethod" is-config="true" duration-ms="0" started-at="2019-02-05T19:33:02Z" finished-at="2019-02-05T19:33:02Z">
          <reporter-output>
          </reporter-output>
        </test-method> <!-- afterEachTestMethod -->
        <test-method status="SKIP" signature="startExtent(java.lang.reflect.Method)[pri:0, instance:testClasses.AmazonSignInTest@1bce4f0a]" name="startExtent" is-config="true" duration-ms="0" started-at="2019-02-05T19:33:02Z" finished-at="2019-02-05T19:33:02Z">
          <reporter-output>
          </reporter-output>
        </test-method> <!-- startExtent -->
        <test-method status="SKIP" signature="setUp(java.lang.String, java.lang.String, java.lang.String, java.lang.String, java.lang.String, java.lang.String, java.lang.String, java.lang.String, java.lang.String, java.lang.String)[pri:0, instance:testClasses.AmazonSignInTest@1bce4f0a]" name="setUp" is-config="true" duration-ms="0" started-at="2019-02-05T19:33:02Z" finished-at="2019-02-05T19:33:02Z">
          <reporter-output>
          </reporter-output>
        </test-method> <!-- setUp -->
      </class> <!-- testClasses.AmazonSignInTest -->
      <class name="testClasses.AmazonHomePageTest">
        <test-method status="PASS" signature="extentSetup(org.testng.ITestContext)[pri:0, instance:testClasses.AmazonHomePageTest@3bfdc050]" name="extentSetup" is-config="true" duration-ms="189" started-at="2019-02-05T19:33:01Z" finished-at="2019-02-05T19:33:01Z">
          <params>
            <param index="0">
              <value>
                <![CDATA[org.testng.TestRunner@576d5deb]]>
              </value>
            </param>
          </params>
          <reporter-output>
            <line>
              <![CDATA[Extent Report directory: /Users/asif/Desktop/AutomationFrameworks/MobileFramework/AmazonWeb/target/surefire-reports/html]]>
            </line>
          </reporter-output>
        </test-method> <!-- extentSetup -->
        <test-method status="FAIL" signature="setUp(java.lang.String, java.lang.String, java.lang.String, java.lang.String, java.lang.String, java.lang.String, java.lang.String, java.lang.String, java.lang.String, java.lang.String)[pri:0, instance:testClasses.AmazonHomePageTest@3bfdc050]" name="setUp" is-config="true" duration-ms="0" started-at="2019-02-05T19:33:01Z" finished-at="2019-02-05T19:33:01Z">
          <params>
            <param index="0">
              <value>
                <![CDATA[Android]]>
              </value>
            </param>
            <param index="1">
              <value>
                <![CDATA[mobile]]>
              </value>
            </param>
            <param index="2">
              <value>
                <![CDATA[Emulator]]>
              </value>
            </param>
            <param index="3">
              <value>
                <![CDATA[Android Emulator]]>
              </value>
            </param>
            <param index="4">
              <value>
                <![CDATA[9]]>
              </value>
            </param>
            <param index="5">
              <value>
                <![CDATA[]]>
              </value>
            </param>
            <param index="6">
              <value>
                <![CDATA[]]>
              </value>
            </param>
            <param index="7">
              <value>
                <![CDATA[Chrome]]>
              </value>
            </param>
            <param index="8">
              <value>
                <![CDATA[Phone]]>
              </value>
            </param>
            <param index="9">
              <value>
                <![CDATA[https://www.amazon.com/]]>
              </value>
            </param>
          </params>
          <exception class="org.openqa.selenium.remote.UnreachableBrowserException">
            <message>
              <![CDATA[Could not start a new session. Possible causes are invalid address of the remote server or browser start-up failure.
Build info: version: '2.43.1', revision: '5163bceef1bc36d43f3dc0b83c88998168a363a0', time: '2014-09-10 09:43:55'
System info: host: 'Asifs-MacBook-Pro.local', ip: '10.11.11.103', os.name: 'Mac OS X', os.arch: 'x86_64', os.version: '10.14', java.version: '1.8.0_192'
Driver info: driver.version: AndroidDriver]]>
            </message>
            <full-stacktrace>
              <![CDATA[org.openqa.selenium.remote.UnreachableBrowserException: Could not start a new session. Possible causes are invalid address of the remote server or browser start-up failure.
Build info: version: '2.43.1', revision: '5163bceef1bc36d43f3dc0b83c88998168a363a0', time: '2014-09-10 09:43:55'
System info: host: 'Asifs-MacBook-Pro.local', ip: '10.11.11.103', os.name: 'Mac OS X', os.arch: 'x86_64', os.version: '10.14', java.version: '1.8.0_192'
Driver info: driver.version: AndroidDriver
	at org.openqa.selenium.remote.RemoteWebDriver.execute(RemoteWebDriver.java:593)
	at io.appium.java_client.AppiumDriver.execute(AppiumDriver.java:180)
	at org.openqa.selenium.remote.RemoteWebDriver.startSession(RemoteWebDriver.java:240)
	at org.openqa.selenium.remote.RemoteWebDriver.<init>(RemoteWebDriver.java:126)
	at org.openqa.selenium.remote.RemoteWebDriver.<init>(RemoteWebDriver.java:153)
	at io.appium.java_client.AppiumDriver.<init>(AppiumDriver.java:109)
	at io.appium.java_client.android.AndroidDriver.<init>(AndroidDriver.java:39)
	at base.MobileAPI.setUpAndroidWebAppEnv(MobileAPI.java:241)
	at base.MobileAPI.setUp(MobileAPI.java:163)
	at sun.reflect.NativeMethodAccessorImpl.invoke0(Native Method)
	at sun.reflect.NativeMethodAccessorImpl.invoke(NativeMethodAccessorImpl.java:62)
	at sun.reflect.DelegatingMethodAccessorImpl.invoke(DelegatingMethodAccessorImpl.java:43)
	at java.lang.reflect.Method.invoke(Method.java:498)
	at org.testng.internal.MethodInvocationHelper.invokeMethod(MethodInvocationHelper.java:86)
	at org.testng.internal.Invoker.invokeConfigurationMethod(Invoker.java:514)
	at org.testng.internal.Invoker.invokeConfigurations(Invoker.java:215)
	at org.testng.internal.Invoker.invokeMethod(Invoker.java:589)
	at org.testng.internal.Invoker.invokeTestMethod(Invoker.java:820)
	at org.testng.internal.Invoker.invokeTestMethods(Invoker.java:1128)
	at org.testng.internal.TestMethodWorker.invokeTestMethods(TestMethodWorker.java:129)
	at org.testng.internal.TestMethodWorker.run(TestMethodWorker.java:112)
	at org.testng.TestRunner.privateRun(TestRunner.java:782)
	at org.testng.TestRunner.run(TestRunner.java:632)
	at org.testng.SuiteRunner.runTest(SuiteRunner.java:366)
	at org.testng.SuiteRunner.runSequentially(SuiteRunner.java:361)
	at org.testng.SuiteRunner.privateRun(SuiteRunner.java:319)
	at org.testng.SuiteRunner.run(SuiteRunner.java:268)
	at org.testng.SuiteRunnerWorker.runSuite(SuiteRunnerWorker.java:52)
	at org.testng.SuiteRunnerWorker.run(SuiteRunnerWorker.java:86)
	at org.testng.TestNG.runSuitesSequentially(TestNG.java:1244)
	at org.testng.TestNG.runSuitesLocally(TestNG.java:1169)
	at org.testng.TestNG.run(TestNG.java:1064)
	at org.apache.maven.surefire.testng.TestNGExecutor.run(TestNGExecutor.java:283)
	at org.apache.maven.surefire.testng.TestNGXmlTestSuite.execute(TestNGXmlTestSuite.java:75)
	at org.apache.maven.surefire.testng.TestNGProvider.invoke(TestNGProvider.java:120)
	at org.apache.maven.surefire.booter.ForkedBooter.invokeProviderInSameClassLoader(ForkedBooter.java:373)
	at org.apache.maven.surefire.booter.ForkedBooter.runSuitesInProcess(ForkedBooter.java:334)
	at org.apache.maven.surefire.booter.ForkedBooter.execute(ForkedBooter.java:119)
	at org.apache.maven.surefire.booter.ForkedBooter.main(ForkedBooter.java:407)
Caused by: org.apache.http.conn.HttpHostConnectException: Connect to 127.0.0.1:4723 [/127.0.0.1] failed: Connection refused (Connection refused)
	at org.apache.http.impl.conn.HttpClientConnectionOperator.connect(HttpClientConnectionOperator.java:140)
	at org.apache.http.impl.conn.PoolingHttpClientConnectionManager.connect(PoolingHttpClientConnectionManager.java:314)
	at org.apache.http.impl.execchain.MainClientExec.establishRoute(MainClientExec.java:363)
	at org.apache.http.impl.execchain.MainClientExec.execute(MainClientExec.java:219)
	at org.apache.http.impl.execchain.ProtocolExec.execute(ProtocolExec.java:195)
	at org.apache.http.impl.execchain.RetryExec.execute(RetryExec.java:86)
	at org.apache.http.impl.execchain.RedirectExec.execute(RedirectExec.java:108)
	at org.apache.http.impl.client.InternalHttpClient.doExecute(InternalHttpClient.java:186)
	at org.apache.http.impl.client.CloseableHttpClient.execute(CloseableHttpClient.java:72)
	at org.apache.http.impl.client.CloseableHttpClient.execute(CloseableHttpClient.java:57)
	at org.openqa.selenium.remote.HttpCommandExecutor.fallBackExecute(HttpCommandExecutor.java:215)
	at org.openqa.selenium.remote.HttpCommandExecutor.execute(HttpCommandExecutor.java:184)
	at org.openqa.selenium.remote.RemoteWebDriver.execute(RemoteWebDriver.java:572)
	... 38 more
Caused by: java.net.ConnectException: Connection refused (Connection refused)
	at java.net.PlainSocketImpl.socketConnect(Native Method)
	at java.net.AbstractPlainSocketImpl.doConnect(AbstractPlainSocketImpl.java:350)
	at java.net.AbstractPlainSocketImpl.connectToAddress(AbstractPlainSocketImpl.java:206)
	at java.net.AbstractPlainSocketImpl.connect(AbstractPlainSocketImpl.java:188)
	at java.net.SocksSocketImpl.connect(SocksSocketImpl.java:392)
	at java.net.Socket.connect(Socket.java:589)
	at org.apache.http.conn.socket.PlainConnectionSocketFactory.connectSocket(PlainConnectionSocketFactory.java:72)
	at org.apache.http.impl.conn.HttpClientConnectionOperator.connect(HttpClientConnectionOperator.java:117)
	... 50 more
]]>
            </full-stacktrace>
          </exception> <!-- org.openqa.selenium.remote.UnreachableBrowserException -->
          <reporter-output>
          </reporter-output>
        </test-method> <!-- setUp -->
        <test-method status="SKIP" signature="startExtent(java.lang.reflect.Method)[pri:0, instance:testClasses.AmazonHomePageTest@3bfdc050]" name="startExtent" is-config="true" duration-ms="0" started-at="2019-02-05T19:33:02Z" finished-at="2019-02-05T19:33:02Z">
          <reporter-output>
          </reporter-output>
        </test-method> <!-- startExtent -->
        <test-method status="SKIP" signature="inIt()[pri:0, instance:testClasses.AmazonHomePageTest@3bfdc050]" name="inIt" is-config="true" duration-ms="0" started-at="2019-02-05T19:33:02Z" finished-at="2019-02-05T19:33:02Z">
          <reporter-output>
          </reporter-output>
        </test-method> <!-- inIt -->
        <test-method status="SKIP" signature="dealTextTest()[pri:0, instance:testClasses.AmazonHomePageTest@3bfdc050]" name="dealTextTest" duration-ms="1" started-at="2019-02-05T19:33:02Z" finished-at="2019-02-05T19:33:02Z">
          <reporter-output>
          </reporter-output>
        </test-method> <!-- dealTextTest -->
        <test-method status="SKIP" signature="afterEachTestMethod(org.testng.ITestResult)[pri:0, instance:testClasses.AmazonHomePageTest@3bfdc050]" name="afterEachTestMethod" is-config="true" duration-ms="0" started-at="2019-02-05T19:33:02Z" finished-at="2019-02-05T19:33:02Z">
          <reporter-output>
          </reporter-output>
        </test-method> <!-- afterEachTestMethod -->
        <test-method status="SKIP" signature="startExtent(java.lang.reflect.Method)[pri:0, instance:testClasses.AmazonHomePageTest@3bfdc050]" name="startExtent" is-config="true" duration-ms="0" started-at="2019-02-05T19:33:02Z" finished-at="2019-02-05T19:33:02Z">
          <reporter-output>
          </reporter-output>
        </test-method> <!-- startExtent -->
        <test-method status="SKIP" signature="setUp(java.lang.String, java.lang.String, java.lang.String, java.lang.String, java.lang.String, java.lang.String, java.lang.String, java.lang.String, java.lang.String, java.lang.String)[pri:0, instance:testClasses.AmazonHomePageTest@3bfdc050]" name="setUp" is-config="true" duration-ms="0" started-at="2019-02-05T19:33:02Z" finished-at="2019-02-05T19:33:02Z">
          <reporter-output>
          </reporter-output>
        </test-method> <!-- setUp -->
        <test-method status="SKIP" signature="inIt()[pri:0, instance:testClasses.AmazonHomePageTest@3bfdc050]" name="inIt" is-config="true" duration-ms="0" started-at="2019-02-05T19:33:02Z" finished-at="2019-02-05T19:33:02Z">
          <reporter-output>
          </reporter-output>
        </test-method> <!-- inIt -->
        <test-method status="SKIP" signature="freshTextTest()[pri:0, instance:testClasses.AmazonHomePageTest@3bfdc050]" name="freshTextTest" duration-ms="0" started-at="2019-02-05T19:33:02Z" finished-at="2019-02-05T19:33:02Z">
          <reporter-output>
          </reporter-output>
        </test-method> <!-- freshTextTest -->
        <test-method status="SKIP" signature="afterEachTestMethod(org.testng.ITestResult)[pri:0, instance:testClasses.AmazonHomePageTest@3bfdc050]" name="afterEachTestMethod" is-config="true" duration-ms="0" started-at="2019-02-05T19:33:02Z" finished-at="2019-02-05T19:33:02Z">
          <reporter-output>
          </reporter-output>
        </test-method> <!-- afterEachTestMethod -->
        <test-method status="SKIP" signature="setUp(java.lang.String, java.lang.String, java.lang.String, java.lang.String, java.lang.String, java.lang.String, java.lang.String, java.lang.String, java.lang.String, java.lang.String)[pri:0, instance:testClasses.AmazonHomePageTest@3bfdc050]" name="setUp" is-config="true" duration-ms="0" started-at="2019-02-05T19:33:02Z" finished-at="2019-02-05T19:33:02Z">
          <reporter-output>
          </reporter-output>
        </test-method> <!-- setUp -->
        <test-method status="SKIP" signature="afterEachTestMethod(org.testng.ITestResult)[pri:0, instance:testClasses.AmazonHomePageTest@3bfdc050]" name="afterEachTestMethod" is-config="true" duration-ms="0" started-at="2019-02-05T19:33:02Z" finished-at="2019-02-05T19:33:02Z">
          <reporter-output>
          </reporter-output>
        </test-method> <!-- afterEachTestMethod -->
        <test-method status="SKIP" signature="inIt()[pri:0, instance:testClasses.AmazonHomePageTest@3bfdc050]" name="inIt" is-config="true" duration-ms="0" started-at="2019-02-05T19:33:02Z" finished-at="2019-02-05T19:33:02Z">
          <reporter-output>
          </reporter-output>
        </test-method> <!-- inIt -->
        <test-method status="SKIP" signature="musicTextTest()[pri:0, instance:testClasses.AmazonHomePageTest@3bfdc050]" name="musicTextTest" duration-ms="0" started-at="2019-02-05T19:33:02Z" finished-at="2019-02-05T19:33:02Z">
          <reporter-output>
          </reporter-output>
        </test-method> <!-- musicTextTest -->
        <test-method status="SKIP" signature="setUp(java.lang.String, java.lang.String, java.lang.String, java.lang.String, java.lang.String, java.lang.String, java.lang.String, java.lang.String, java.lang.String, java.lang.String)[pri:0, instance:testClasses.AmazonHomePageTest@3bfdc050]" name="setUp" is-config="true" duration-ms="0" started-at="2019-02-05T19:33:02Z" finished-at="2019-02-05T19:33:02Z">
          <reporter-output>
          </reporter-output>
        </test-method> <!-- setUp -->
        <test-method status="SKIP" signature="startExtent(java.lang.reflect.Method)[pri:0, instance:testClasses.AmazonHomePageTest@3bfdc050]" name="startExtent" is-config="true" duration-ms="0" started-at="2019-02-05T19:33:02Z" finished-at="2019-02-05T19:33:02Z">
          <reporter-output>
          </reporter-output>
        </test-method> <!-- startExtent -->
        <test-method status="SKIP" signature="primeTextTest()[pri:0, instance:testClasses.AmazonHomePageTest@3bfdc050]" name="primeTextTest" duration-ms="0" started-at="2019-02-05T19:33:02Z" finished-at="2019-02-05T19:33:02Z">
          <reporter-output>
          </reporter-output>
        </test-method> <!-- primeTextTest -->
        <test-method status="SKIP" signature="startExtent(java.lang.reflect.Method)[pri:0, instance:testClasses.AmazonHomePageTest@3bfdc050]" name="startExtent" is-config="true" duration-ms="0" started-at="2019-02-05T19:33:02Z" finished-at="2019-02-05T19:33:02Z">
          <reporter-output>
          </reporter-output>
        </test-method> <!-- startExtent -->
        <test-method status="SKIP" signature="afterEachTestMethod(org.testng.ITestResult)[pri:0, instance:testClasses.AmazonHomePageTest@3bfdc050]" name="afterEachTestMethod" is-config="true" duration-ms="0" started-at="2019-02-05T19:33:02Z" finished-at="2019-02-05T19:33:02Z">
          <reporter-output>
          </reporter-output>
        </test-method> <!-- afterEachTestMethod -->
        <test-method status="SKIP" signature="inIt()[pri:0, instance:testClasses.AmazonHomePageTest@3bfdc050]" name="inIt" is-config="true" duration-ms="0" started-at="2019-02-05T19:33:02Z" finished-at="2019-02-05T19:33:02Z">
          <reporter-output>
          </reporter-output>
        </test-method> <!-- inIt -->
        <test-method status="SKIP" signature="signInTest()[pri:0, instance:testClasses.AmazonHomePageTest@3bfdc050]" name="signInTest" duration-ms="0" started-at="2019-02-05T19:33:02Z" finished-at="2019-02-05T19:33:02Z">
          <reporter-output>
          </reporter-output>
        </test-method> <!-- signInTest -->
        <test-method status="SKIP" signature="setUp(java.lang.String, java.lang.String, java.lang.String, java.lang.String, java.lang.String, java.lang.String, java.lang.String, java.lang.String, java.lang.String, java.lang.String)[pri:0, instance:testClasses.AmazonHomePageTest@3bfdc050]" name="setUp" is-config="true" duration-ms="0" started-at="2019-02-05T19:33:02Z" finished-at="2019-02-05T19:33:02Z">
          <reporter-output>
          </reporter-output>
        </test-method> <!-- setUp -->
        <test-method status="SKIP" signature="startExtent(java.lang.reflect.Method)[pri:0, instance:testClasses.AmazonHomePageTest@3bfdc050]" name="startExtent" is-config="true" duration-ms="0" started-at="2019-02-05T19:33:02Z" finished-at="2019-02-05T19:33:02Z">
          <reporter-output>
          </reporter-output>
        </test-method> <!-- startExtent -->
        <test-method status="SKIP" signature="setUp(java.lang.String, java.lang.String, java.lang.String, java.lang.String, java.lang.String, java.lang.String, java.lang.String, java.lang.String, java.lang.String, java.lang.String)[pri:0, instance:testClasses.AmazonHomePageTest@3bfdc050]" name="setUp" is-config="true" duration-ms="0" started-at="2019-02-05T19:33:02Z" finished-at="2019-02-05T19:33:02Z">
          <reporter-output>
          </reporter-output>
        </test-method> <!-- setUp -->
        <test-method status="SKIP" signature="afterEachTestMethod(org.testng.ITestResult)[pri:0, instance:testClasses.AmazonHomePageTest@3bfdc050]" name="afterEachTestMethod" is-config="true" duration-ms="0" started-at="2019-02-05T19:33:02Z" finished-at="2019-02-05T19:33:02Z">
          <reporter-output>
          </reporter-output>
        </test-method> <!-- afterEachTestMethod -->
        <test-method status="SKIP" signature="inIt()[pri:0, instance:testClasses.AmazonHomePageTest@3bfdc050]" name="inIt" is-config="true" duration-ms="0" started-at="2019-02-05T19:33:02Z" finished-at="2019-02-05T19:33:02Z">
          <reporter-output>
          </reporter-output>
        </test-method> <!-- inIt -->
        <test-method status="SKIP" signature="videoTextTest()[pri:0, instance:testClasses.AmazonHomePageTest@3bfdc050]" name="videoTextTest" duration-ms="0" started-at="2019-02-05T19:33:02Z" finished-at="2019-02-05T19:33:02Z">
          <reporter-output>
          </reporter-output>
        </test-method> <!-- videoTextTest -->
        <test-method status="SKIP" signature="inIt()[pri:0, instance:testClasses.AmazonHomePageTest@3bfdc050]" name="inIt" is-config="true" duration-ms="0" started-at="2019-02-05T19:33:02Z" finished-at="2019-02-05T19:33:02Z">
          <reporter-output>
          </reporter-output>
        </test-method> <!-- inIt -->
        <test-method status="SKIP" signature="setUp(java.lang.String, java.lang.String, java.lang.String, java.lang.String, java.lang.String, java.lang.String, java.lang.String, java.lang.String, java.lang.String, java.lang.String)[pri:0, instance:testClasses.AmazonHomePageTest@3bfdc050]" name="setUp" is-config="true" duration-ms="0" started-at="2019-02-05T19:33:02Z" finished-at="2019-02-05T19:33:02Z">
          <reporter-output>
          </reporter-output>
        </test-method> <!-- setUp -->
        <test-method status="SKIP" signature="afterEachTestMethod(org.testng.ITestResult)[pri:0, instance:testClasses.AmazonHomePageTest@3bfdc050]" name="afterEachTestMethod" is-config="true" duration-ms="0" started-at="2019-02-05T19:33:02Z" finished-at="2019-02-05T19:33:02Z">
          <reporter-output>
          </reporter-output>
        </test-method> <!-- afterEachTestMethod -->
        <test-method status="SKIP" signature="startExtent(java.lang.reflect.Method)[pri:0, instance:testClasses.AmazonHomePageTest@3bfdc050]" name="startExtent" is-config="true" duration-ms="0" started-at="2019-02-05T19:33:02Z" finished-at="2019-02-05T19:33:02Z">
          <reporter-output>
          </reporter-output>
        </test-method> <!-- startExtent -->
        <test-method status="SKIP" signature="wholeFoodTextTest()[pri:0, instance:testClasses.AmazonHomePageTest@3bfdc050]" name="wholeFoodTextTest" duration-ms="0" started-at="2019-02-05T19:33:02Z" finished-at="2019-02-05T19:33:02Z">
          <reporter-output>
          </reporter-output>
        </test-method> <!-- wholeFoodTextTest -->
        <test-method status="SKIP" signature="inIt()[pri:0, instance:testClasses.AmazonHomePageTest@3bfdc050]" name="inIt" is-config="true" duration-ms="0" started-at="2019-02-05T19:33:02Z" finished-at="2019-02-05T19:33:02Z">
          <reporter-output>
          </reporter-output>
        </test-method> <!-- inIt -->
        <test-method status="SKIP" signature="afterEachTestMethod(org.testng.ITestResult)[pri:0, instance:testClasses.AmazonHomePageTest@3bfdc050]" name="afterEachTestMethod" is-config="true" duration-ms="0" started-at="2019-02-05T19:33:02Z" finished-at="2019-02-05T19:33:02Z">
          <reporter-output>
          </reporter-output>
        </test-method> <!-- afterEachTestMethod -->
        <test-method status="SKIP" signature="startExtent(java.lang.reflect.Method)[pri:0, instance:testClasses.AmazonHomePageTest@3bfdc050]" name="startExtent" is-config="true" duration-ms="0" started-at="2019-02-05T19:33:02Z" finished-at="2019-02-05T19:33:02Z">
          <reporter-output>
          </reporter-output>
        </test-method> <!-- startExtent -->
        <test-method status="SKIP" signature="generateReport()[pri:0, instance:testClasses.AmazonHomePageTest@3bfdc050]" name="generateReport" is-config="true" duration-ms="0" started-at="2019-02-05T19:33:02Z" finished-at="2019-02-05T19:33:02Z">
          <reporter-output>
          </reporter-output>
        </test-method> <!-- generateReport -->
      </class> <!-- testClasses.AmazonHomePageTest -->
    </test> <!-- Amazon Home Page -->
  </suite> <!-- Test suite on Android Phone Of Amazon Mobile Web -->
</testng-results>
