<?xml version="1.0" encoding="UTF-8"?>
<testsuite xmlns:xsi="http://www.w3.org/2001/XMLSchema-instance" xsi:noNamespaceSchemaLocation="https://maven.apache.org/surefire/maven-surefire-plugin/xsd/surefire-test-report.xsd" name="TestSuite" time="0.85" tests="62" errors="0" skipped="60" failures="2">
  <properties>
[...]
</properties>
  <testcase name="testDatePicker" classname="iPhone.PickerTest" time="0.009">
    <failure type="java.lang.NullPointerException:">java.lang.NullPointerException: null
	at pagefactory.UiCatalogPage.UiCatalog.page(UiCatalog.java:31)
	at pagefactory.UiCatalogPage.UiCatalog.getPickers(UiCatalog.java:60)
	at iPhone.PickerTest.picker(PickerTest.java:16)
	at iPhone.PickerTest.testDatePicker(PickerTest.java:32)
</failure>
    <system-out><![CDATA[Extent Report directory: /Users/asif/Desktop/AutomationFrameworks/MobileFramework/UiCatalog/target/surefire-reports/html
]]></system-out>
    <system-err><![CDATA[Feb 05, 2019 7:33:00 PM com.relevantcodes.extentreports.ExtentReports loadConfig
WARNING: Unable to perform report configuration. The file /Users/asif/Desktop/AutomationFrameworks/MobileFramework/UiCatalog/report-config.xml was not found.
]]></system-err>
  </testcase>
  <testcase name="afterEachTestMethod" classname="iPhone.PickerTest" time="0.276">
    <failure type="java.lang.NullPointerException:">java.lang.NullPointerException: null
	at base.MobileAPI.captureScreenShot(MobileAPI.java:416)
	at base.MobileAPI.afterEachTestMethod(MobileAPI.java:87)
	at sun.reflect.NativeMethodAccessorImpl.invoke0(Native Method)
	at sun.reflect.NativeMethodAccessorImpl.invoke(NativeMethodAccessorImpl.java:62)
	at sun.reflect.DelegatingMethodAccessorImpl.invoke(DelegatingMethodAccessorImpl.java:43)
	at java.lang.reflect.Method.invoke(Method.java:498)
	at org.testng.internal.MethodInvocationHelper.invokeMethod(MethodInvocationHelper.java:86)
	at org.testng.internal.Invoker.invokeConfigurationMethod(Invoker.java:514)
	at org.testng.internal.Invoker.invokeConfigurations(Invoker.java:215)
	at org.testng.internal.Invoker.invokeMethod(Invoker.java:707)
	at org.testng.internal.Invoker.invokeTestMethod(Invoker.java:820)
	at org.testng.internal.Invoker.invokeTestMethods(Invoker.java:1128)
	at org.testng.internal.TestMethodWorker.invokeTestMethods(TestMethodWorker.java:129)
	at org.testng.internal.TestMethodWorker.run(TestMethodWorker.java:112)
	at org.testng.TestRunner.privateRun(TestRunner.java:782)
	at org.testng.TestRunner.run(TestRunner.java:632)
	at org.testng.SuiteRunner.runTest(SuiteRunner.java:366)
	at org.testng.SuiteRunner.runSequentially(SuiteRunner.java:361)
	at org.testng.SuiteRunner.privateRun(SuiteRunner.java:319)
	at org.testng.SuiteRunner.run(SuiteRunner.java:268)
	at org.testng.SuiteRunnerWorker.runSuite(SuiteRunnerWorker.java:52)
	at org.testng.SuiteRunnerWorker.run(SuiteRunnerWorker.java:86)
	at org.testng.TestNG.runSuitesSequentially(TestNG.java:1244)
	at org.testng.TestNG.runSuitesLocally(TestNG.java:1169)
	at org.testng.TestNG.run(TestNG.java:1064)
	at org.apache.maven.surefire.testng.TestNGExecutor.run(TestNGExecutor.java:135)
	at org.apache.maven.surefire.testng.TestNGDirectoryTestSuite.executeMulti(TestNGDirectoryTestSuite.java:193)
	at org.apache.maven.surefire.testng.TestNGDirectoryTestSuite.execute(TestNGDirectoryTestSuite.java:94)
	at org.apache.maven.surefire.testng.TestNGProvider.invoke(TestNGProvider.java:146)
	at org.apache.maven.surefire.booter.ForkedBooter.invokeProviderInSameClassLoader(ForkedBooter.java:373)
	at org.apache.maven.surefire.booter.ForkedBooter.runSuitesInProcess(ForkedBooter.java:334)
	at org.apache.maven.surefire.booter.ForkedBooter.execute(ForkedBooter.java:119)
	at org.apache.maven.surefire.booter.ForkedBooter.main(ForkedBooter.java:407)
</failure>
  </testcase>
  <testcase name="afterEachTestMethod" classname="iPhone.PickerTest" time="0">
    <skipped/>
  </testcase>
  <testcase name="setUp" classname="iPhone.PickerTest" time="0">
    <skipped/>
  </testcase>
  <testcase name="startExtent" classname="iPhone.PickerTest" time="0">
    <skipped/>
  </testcase>
  <testcase name="testUIPicker" classname="iPhone.PickerTest" time="0">
    <skipped/>
  </testcase>
  <testcase name="setUp" classname="iPhone.AlertsTest" time="0">
    <skipped/>
  </testcase>
  <testcase name="setUp" classname="iPhone.AlertsTest" time="0">
    <skipped/>
  </testcase>
  <testcase name="setUp" classname="iPhone.AlertsTest" time="0">
    <skipped/>
  </testcase>
  <testcase name="setUp" classname="iPhone.AlertsTest" time="0">
    <skipped/>
  </testcase>
  <testcase name="setUp" classname="iPhone.AlertsTest" time="0">
    <skipped/>
  </testcase>
  <testcase name="setUp" classname="iPhone.AlertsTest" time="0">
    <skipped/>
  </testcase>
  <testcase name="setUp" classname="iPhone.AlertsTest" time="0">
    <skipped/>
  </testcase>
  <testcase name="startExtent" classname="iPhone.AlertsTest" time="0">
    <skipped/>
  </testcase>
  <testcase name="startExtent" classname="iPhone.AlertsTest" time="0">
    <skipped/>
  </testcase>
  <testcase name="startExtent" classname="iPhone.AlertsTest" time="0">
    <skipped/>
  </testcase>
  <testcase name="startExtent" classname="iPhone.AlertsTest" time="0">
    <skipped/>
  </testcase>
  <testcase name="startExtent" classname="iPhone.AlertsTest" time="0">
    <skipped/>
  </testcase>
  <testcase name="startExtent" classname="iPhone.AlertsTest" time="0">
    <skipped/>
  </testcase>
  <testcase name="startExtent" classname="iPhone.AlertsTest" time="0">
    <skipped/>
  </testcase>
  <testcase name="testActionSheetCustom" classname="iPhone.AlertsTest" time="0">
    <skipped/>
  </testcase>
  <testcase name="afterEachTestMethod" classname="iPhone.AlertsTest" time="0">
    <skipped/>
  </testcase>
  <testcase name="afterEachTestMethod" classname="iPhone.AlertsTest" time="0">
    <skipped/>
  </testcase>
  <testcase name="afterEachTestMethod" classname="iPhone.AlertsTest" time="0">
    <skipped/>
  </testcase>
  <testcase name="afterEachTestMethod" classname="iPhone.AlertsTest" time="0">
    <skipped/>
  </testcase>
  <testcase name="afterEachTestMethod" classname="iPhone.AlertsTest" time="0">
    <skipped/>
  </testcase>
  <testcase name="afterEachTestMethod" classname="iPhone.AlertsTest" time="0">
    <skipped/>
  </testcase>
  <testcase name="afterEachTestMethod" classname="iPhone.AlertsTest" time="0">
    <skipped/>
  </testcase>
  <testcase name="testActionSheetOkCancel" classname="iPhone.AlertsTest" time="0">
    <skipped/>
  </testcase>
  <testcase name="testActionSheetSimple" classname="iPhone.AlertsTest" time="0">
    <skipped/>
  </testcase>
  <testcase name="testAlertCustom" classname="iPhone.AlertsTest" time="0">
    <skipped/>
  </testcase>
  <testcase name="testAlertOkCancel" classname="iPhone.AlertsTest" time="0">
    <skipped/>
  </testcase>
  <testcase name="testAlertSimple" classname="iPhone.AlertsTest" time="0">
    <skipped/>
  </testcase>
  <testcase name="testSecureInput" classname="iPhone.AlertsTest" time="0">
    <skipped/>
  </testcase>
  <testcase name="setUp" classname="iPhone.Button2Test" time="0">
    <skipped/>
  </testcase>
  <testcase name="startExtent" classname="iPhone.Button2Test" time="0">
    <skipped/>
  </testcase>
  <testcase name="buttonTest" classname="iPhone.Button2Test" time="0">
    <skipped/>
  </testcase>
  <testcase name="afterEachTestMethod" classname="iPhone.Button2Test" time="0">
    <skipped/>
  </testcase>
  <testcase name="setUp" classname="iPhone.SegmentTest" time="0">
    <skipped/>
  </testcase>
  <testcase name="startExtent" classname="iPhone.SegmentTest" time="0">
    <skipped/>
  </testcase>
  <testcase name="inIt" classname="iPhone.SegmentTest" time="0">
    <skipped/>
  </testcase>
  <testcase name="SegmentTest" classname="iPhone.SegmentTest" time="0">
    <skipped/>
  </testcase>
  <testcase name="afterEachTestMethod" classname="iPhone.SegmentTest" time="0">
    <skipped/>
  </testcase>
  <testcase name="setUp" classname="iPhone.ControlTest" time="0">
    <skipped/>
  </testcase>
  <testcase name="startExtent" classname="iPhone.ControlTest" time="0">
    <skipped/>
  </testcase>
  <testcase name="inIt" classname="iPhone.ControlTest" time="0">
    <skipped/>
  </testcase>
  <testcase name="controlTextTest" classname="iPhone.ControlTest" time="0">
    <skipped/>
  </testcase>
  <testcase name="afterEachTestMethod" classname="iPhone.ControlTest" time="0">
    <skipped/>
  </testcase>
  <testcase name="setUp" classname="iPhone.ButtonTest" time="0">
    <skipped/>
  </testcase>
  <testcase name="startExtent" classname="iPhone.ButtonTest" time="0">
    <skipped/>
  </testcase>
  <testcase name="navigate" classname="iPhone.ButtonTest" time="0">
    <skipped/>
  </testcase>
  <testcase name="afterEachTestMethod" classname="iPhone.ButtonTest" time="0">
    <skipped/>
  </testcase>
  <testcase name="setUp" classname="iPhone.TextFieldsTest" time="0">
    <skipped/>
  </testcase>
  <testcase name="startExtent" classname="iPhone.TextFieldsTest" time="0">
    <skipped/>
  </testcase>
  <testcase name="navigate" classname="iPhone.TextFieldsTest" time="0">
    <skipped/>
  </testcase>
  <testcase name="afterEachTestMethod" classname="iPhone.TextFieldsTest" time="0">
    <skipped/>
  </testcase>
  <testcase name="setUp" classname="iPhone.ImageTest" time="0">
    <skipped/>
  </testcase>
  <testcase name="startExtent" classname="iPhone.ImageTest" time="0">
    <skipped/>
  </testcase>
  <testcase name="inIt" classname="iPhone.ImageTest" time="0">
    <skipped/>
  </testcase>
  <testcase name="imageTextTest" classname="iPhone.ImageTest" time="0">
    <skipped/>
  </testcase>
  <testcase name="afterEachTestMethod" classname="iPhone.ImageTest" time="0">
    <skipped/>
  </testcase>
  <testcase name="generateReport" classname="iPhone.PickerTest" time="0">
    <skipped/>
  </testcase>
</testsuite>